<?xml version="1.0" encoding="UTF-8"?>
<testsuite xmlns:xsi="http://www.w3.org/2001/XMLSchema-instance" xsi:noNamespaceSchemaLocation="https://maven.apache.org/surefire/maven-surefire-plugin/xsd/surefire-test-report.xsd" name="br.ueg.modelo.portal.service.UsuarioServiceTest" time="11.196" tests="34" errors="0" skipped="0" failures="0">
  <properties>
[...]
</properties>
  <testcase name="validarCpfEmUsoNotId" classname="br.ueg.modelo.portal.service.UsuarioServiceTest" time="0.476"/>
  <testcase name="validarCpfEmUso" classname="br.ueg.modelo.portal.service.UsuarioServiceTest" time="0.322"/>
  <testcase name="recuperarSenhaUsuarioNaoEncontrado" classname="br.ueg.modelo.portal.service.UsuarioServiceTest" time="0.107"/>
  <testcase name="getUsuariosByFiltroNenhumRegistroEncontrado" classname="br.ueg.modelo.portal.service.UsuarioServiceTest" time="0.152"/>
  <testcase name="redefinirSenhaUsuarioAD" classname="br.ueg.modelo.portal.service.UsuarioServiceTest" time="0.2"/>
  <testcase name="getByIdFetch" classname="br.ueg.modelo.portal.service.UsuarioServiceTest" time="0.197"/>
  <testcase name="validarCpfValidoNotId" classname="br.ueg.modelo.portal.service.UsuarioServiceTest" time="0.09"/>
  <testcase name="ativar" classname="br.ueg.modelo.portal.service.UsuarioServiceTest" time="0.213"/>
  <testcase name="redefinirSenhaCamposobrigatoriosNaoPreenchidos" classname="br.ueg.modelo.portal.service.UsuarioServiceTest" time="0.118"/>
  <testcase name="validarCpfNaoPreenchido" classname="br.ueg.modelo.portal.service.UsuarioServiceTest" time="0.171"/>
  <testcase name="salvarUltimoAcesso" classname="br.ueg.modelo.portal.service.UsuarioServiceTest" time="0.438"/>
  <testcase name="getUsuariosByFiltroNenhumCampoPreenchido" classname="br.ueg.modelo.portal.service.UsuarioServiceTest" time="0.73"/>
  <testcase name="configurarUsuarioGruposAndTelefones" classname="br.ueg.modelo.portal.service.UsuarioServiceTest" time="0.468"/>
  <testcase name="findByCpfUsuario" classname="br.ueg.modelo.portal.service.UsuarioServiceTest" time="0.157"/>
  <testcase name="redefinirSenhaAlteracaoSenhaAntigaIncorreta" classname="br.ueg.modelo.portal.service.UsuarioServiceTest" time="0.202"/>
  <testcase name="findByCpfUsuarioAndNotId" classname="br.ueg.modelo.portal.service.UsuarioServiceTest" time="0.204"/>
  <testcase name="redefinirSenhaCamposobrigatoriosNaoPreenchidos2" classname="br.ueg.modelo.portal.service.UsuarioServiceTest" time="0.14"/>
  <testcase name="getUsuariosByFiltroTamanhoInsuficienteNome" classname="br.ueg.modelo.portal.service.UsuarioServiceTest" time="0.272"/>
  <testcase name="redefinirSenhaAlteracao" classname="br.ueg.modelo.portal.service.UsuarioServiceTest" time="0.091"/>
  <testcase name="inativar" classname="br.ueg.modelo.portal.service.UsuarioServiceTest" time="0.156"/>
  <testcase name="getUsuariosByFiltro" classname="br.ueg.modelo.portal.service.UsuarioServiceTest" time="0.076"/>
  <testcase name="redefinirSenhaAtivacao" classname="br.ueg.modelo.portal.service.UsuarioServiceTest" time="0.059"/>
  <testcase name="salvarInclusaoLoginDuplicado" classname="br.ueg.modelo.portal.service.UsuarioServiceTest" time="0.08"/>
  <testcase name="salvarUsuarioDuplicadoPorCpf" classname="br.ueg.modelo.portal.service.UsuarioServiceTest" time="0.23"/>
  <testcase name="recuperarSenha" classname="br.ueg.modelo.portal.service.UsuarioServiceTest" time="0.183"/>
  <testcase name="validarCpfValido" classname="br.ueg.modelo.portal.service.UsuarioServiceTest" time="0.256"/>
  <testcase name="redefinirSenhaAlteracaoSenhaAntigaNaoPreenchida" classname="br.ueg.modelo.portal.service.UsuarioServiceTest" time="0.188"/>
  <testcase name="salvarCamposObrigatoriosNaoPreenchidos" classname="br.ueg.modelo.portal.service.UsuarioServiceTest" time="0.119"/>
  <testcase name="validarCpfInvalido" classname="br.ueg.modelo.portal.service.UsuarioServiceTest" time="0.171"/>
  <testcase name="getByLogin" classname="br.ueg.modelo.portal.service.UsuarioServiceTest" time="0.212"/>
  <testcase name="salvarInclusao" classname="br.ueg.modelo.portal.service.UsuarioServiceTest" time="0.256"/>
  <testcase name="redefinirSenhaConfirmacaoNaoConfere" classname="br.ueg.modelo.portal.service.UsuarioServiceTest" time="0.166"/>
  <testcase name="salvarAlteracao" classname="br.ueg.modelo.portal.service.UsuarioServiceTest" time="0.145"/>
  <testcase name="redefinirSenhaRecuperacao" classname="br.ueg.modelo.portal.service.UsuarioServiceTest" time="0.259"/>
</testsuite>